<?xml version="1.0" encoding="UTF-8"?>
<!DOCTYPE mapper PUBLIC "-//mybatis.org//DTD Mapper 3.0//EN" "https://mybatis.org/dtd/mybatis-3-mapper.dtd">
<mapper namespace="com.cherp.app.test.mapper.TestMapper">

	<!-- DB 접속 테스트 -->
	<select id="select" resultType="map">
		SELECT sysdate
		FROM dual
	</select>
	
	
	
	
</mapper>

